<?xml version="1.0" encoding="UTF-8"?>
<!-- Generated by org.testng.reporters.JUnitReportReporter -->
<testsuite skipped="0" hostname="mickaeel" name="testcases.TC_001" tests="1" failures="0" timestamp="04 Aug 2017 22:03:55 GMT" time="4.718" errors="0">
  <testcase name="testcase0" time="4.718" classname="testcases.TC_001"/>
</testsuite> <!-- testcases.TC_001 -->
